nohup: ignoring input
Scene Name: 'environment1'
Copying videos from /workspace/sim-animate-environment/test/environment1 to /workspace/sim-animate-environment/infinite-simul-realtime-4d-gaussian-vgg/data/environment1/environment1...
✅ Copied cam_00.mp4 to cam00.mp4
✅ Copied cam_01.mp4 to cam01.mp4
✅ Copied cam_02.mp4 to cam02.mp4
✅ Copied cam_03.mp4 to cam03.mp4
✅ Copied cam_04.mp4 to cam04.mp4
✅ Copied cam_05.mp4 to cam05.mp4
✅ Copied cam_06.mp4 to cam06.mp4
✅ Copied cam_07.mp4 to cam07.mp4
✅ Copied poses_bounds.npy to /workspace/sim-animate-environment/infinite-simul-realtime-4d-gaussian-vgg/data/environment1/environment1
Video copy complete.
Cleaning up old colmap directory: /workspace/sim-animate-environment/infinite-simul-realtime-4d-gaussian-vgg/data/environment1/environment1/colmap_0
Cleaning up old colmap directory: /workspace/sim-animate-environment/infinite-simul-realtime-4d-gaussian-vgg/data/environment1/environment1/colmap_1
Cleaning up old colmap directory: /workspace/sim-animate-environment/infinite-simul-realtime-4d-gaussian-vgg/data/environment1/environment1/colmap_2
Cleaning up old colmap directory: /workspace/sim-animate-environment/infinite-simul-realtime-4d-gaussian-vgg/data/environment1/environment1/colmap_3
Cleaning up old colmap directory: /workspace/sim-animate-environment/infinite-simul-realtime-4d-gaussian-vgg/data/environment1/environment1/colmap_4
Cleaning up old colmap directory: /workspace/sim-animate-environment/infinite-simul-realtime-4d-gaussian-vgg/data/environment1/environment1/colmap_5
Cleaning up old colmap directory: /workspace/sim-animate-environment/infinite-simul-realtime-4d-gaussian-vgg/data/environment1/environment1/colmap_6
Cleaning up old colmap directory: /workspace/sim-animate-environment/infinite-simul-realtime-4d-gaussian-vgg/data/environment1/environment1/colmap_7
Cleaning up old colmap directory: /workspace/sim-animate-environment/infinite-simul-realtime-4d-gaussian-vgg/data/environment1/environment1/colmap_8
Cleaning up old colmap directory: /workspace/sim-animate-environment/infinite-simul-realtime-4d-gaussian-vgg/data/environment1/environment1/colmap_9
Cleaning up old colmap directory: /workspace/sim-animate-environment/infinite-simul-realtime-4d-gaussian-vgg/data/environment1/environment1/colmap_10
Cleaning up old colmap directory: /workspace/sim-animate-environment/infinite-simul-realtime-4d-gaussian-vgg/data/environment1/environment1/colmap_11
Cleaning up old colmap directory: /workspace/sim-animate-environment/infinite-simul-realtime-4d-gaussian-vgg/data/environment1/environment1/colmap_12
Cleaning up old colmap directory: /workspace/sim-animate-environment/infinite-simul-realtime-4d-gaussian-vgg/data/environment1/environment1/colmap_13
Cleaning up old colmap directory: /workspace/sim-animate-environment/infinite-simul-realtime-4d-gaussian-vgg/data/environment1/environment1/colmap_14
Cleaning up old colmap directory: /workspace/sim-animate-environment/infinite-simul-realtime-4d-gaussian-vgg/data/environment1/environment1/colmap_15
Cleaning up old colmap directory: /workspace/sim-animate-environment/infinite-simul-realtime-4d-gaussian-vgg/data/environment1/environment1/colmap_16
Cleaning up old colmap directory: /workspace/sim-animate-environment/infinite-simul-realtime-4d-gaussian-vgg/data/environment1/environment1/colmap_17
Cleaning up old colmap directory: /workspace/sim-animate-environment/infinite-simul-realtime-4d-gaussian-vgg/data/environment1/environment1/colmap_18
Cleaning up old colmap directory: /workspace/sim-animate-environment/infinite-simul-realtime-4d-gaussian-vgg/data/environment1/environment1/colmap_19
Cleaning up old colmap directory: /workspace/sim-animate-environment/infinite-simul-realtime-4d-gaussian-vgg/data/environment1/environment1/colmap_20
Cleaning up old colmap directory: /workspace/sim-animate-environment/infinite-simul-realtime-4d-gaussian-vgg/data/environment1/environment1/colmap_21
Cleaning up old colmap directory: /workspace/sim-animate-environment/infinite-simul-realtime-4d-gaussian-vgg/data/environment1/environment1/colmap_22
Cleaning up old colmap directory: /workspace/sim-animate-environment/infinite-simul-realtime-4d-gaussian-vgg/data/environment1/environment1/colmap_23
Cleaning up old colmap directory: /workspace/sim-animate-environment/infinite-simul-realtime-4d-gaussian-vgg/data/environment1/environment1/colmap_24
Cleaning up old colmap directory: /workspace/sim-animate-environment/infinite-simul-realtime-4d-gaussian-vgg/data/environment1/environment1/colmap_25
Cleaning up old colmap directory: /workspace/sim-animate-environment/infinite-simul-realtime-4d-gaussian-vgg/data/environment1/environment1/colmap_26
Cleaning up old colmap directory: /workspace/sim-animate-environment/infinite-simul-realtime-4d-gaussian-vgg/data/environment1/environment1/colmap_27
Cleaning up old colmap directory: /workspace/sim-animate-environment/infinite-simul-realtime-4d-gaussian-vgg/data/environment1/environment1/colmap_28
Cleaning up old colmap directory: /workspace/sim-animate-environment/infinite-simul-realtime-4d-gaussian-vgg/data/environment1/environment1/colmap_29
Cleaning up old colmap directory: /workspace/sim-animate-environment/infinite-simul-realtime-4d-gaussian-vgg/data/environment1/environment1/colmap_30
Cleaning up old colmap directory: /workspace/sim-animate-environment/infinite-simul-realtime-4d-gaussian-vgg/data/environment1/environment1/colmap_31
Cleaning up old colmap directory: /workspace/sim-animate-environment/infinite-simul-realtime-4d-gaussian-vgg/data/environment1/environment1/colmap_32
Cleaning up old colmap directory: /workspace/sim-animate-environment/infinite-simul-realtime-4d-gaussian-vgg/data/environment1/environment1/colmap_33
Cleaning up old colmap directory: /workspace/sim-animate-environment/infinite-simul-realtime-4d-gaussian-vgg/data/environment1/environment1/colmap_34
Cleaning up old colmap directory: /workspace/sim-animate-environment/infinite-simul-realtime-4d-gaussian-vgg/data/environment1/environment1/colmap_35
Cleaning up old colmap directory: /workspace/sim-animate-environment/infinite-simul-realtime-4d-gaussian-vgg/data/environment1/environment1/colmap_36
Cleaning up old colmap directory: /workspace/sim-animate-environment/infinite-simul-realtime-4d-gaussian-vgg/data/environment1/environment1/colmap_37
Cleaning up old colmap directory: /workspace/sim-animate-environment/infinite-simul-realtime-4d-gaussian-vgg/data/environment1/environment1/colmap_38
Cleaning up old colmap directory: /workspace/sim-animate-environment/infinite-simul-realtime-4d-gaussian-vgg/data/environment1/environment1/colmap_39
Cleaning up old colmap directory: /workspace/sim-animate-environment/infinite-simul-realtime-4d-gaussian-vgg/data/environment1/environment1/colmap_40
Cleaning up old colmap directory: /workspace/sim-animate-environment/infinite-simul-realtime-4d-gaussian-vgg/data/environment1/environment1/colmap_41
Cleaning up old colmap directory: /workspace/sim-animate-environment/infinite-simul-realtime-4d-gaussian-vgg/data/environment1/environment1/colmap_42
Cleaning up old colmap directory: /workspace/sim-animate-environment/infinite-simul-realtime-4d-gaussian-vgg/data/environment1/environment1/colmap_43
Cleaning up old colmap directory: /workspace/sim-animate-environment/infinite-simul-realtime-4d-gaussian-vgg/data/environment1/environment1/colmap_44
Cleaning up old colmap directory: /workspace/sim-animate-environment/infinite-simul-realtime-4d-gaussian-vgg/data/environment1/environment1/colmap_45
Cleaning up old colmap directory: /workspace/sim-animate-environment/infinite-simul-realtime-4d-gaussian-vgg/data/environment1/environment1/colmap_46
Cleaning up old colmap directory: /workspace/sim-animate-environment/infinite-simul-realtime-4d-gaussian-vgg/data/environment1/environment1/colmap_47
Cleaning up old colmap directory: /workspace/sim-animate-environment/infinite-simul-realtime-4d-gaussian-vgg/data/environment1/environment1/colmap_48
Cleaning up old colmap directory: /workspace/sim-animate-environment/infinite-simul-realtime-4d-gaussian-vgg/data/environment1/environment1/colmap_49
✅ Found existing /workspace/sim-animate-environment/infinite-simul-realtime-4d-gaussian-vgg/data/environment1/environment1/poses_bounds.npy. Factoring it in (skipping removal).
Running data preprocessor...
Cleaning up old colmap directories...

Processing dataset: environment1
Processing folder: data/environment1/environment1
Extract frames from videos:   0%|          | 0/8 [00:00<?, ?it/s]Already extracted all the frames in data/environment1/environment1/cam00
Already extracted all the frames in data/environment1/environment1/cam01
Already extracted all the frames in data/environment1/environment1/cam02
Already extracted all the frames in data/environment1/environment1/cam03
Already extracted all the frames in data/environment1/environment1/cam04
Already extracted all the frames in data/environment1/environment1/cam05
Already extracted all the frames in data/environment1/environment1/cam06
Already extracted all the frames in data/environment1/environment1/cam07
Extract frames from videos: 100%|██████████| 8/8 [00:00<00:00, 1908.78it/s]
Convert D-Nerf to Colmap:   0%|          | 0/50 [00:00<?, ?it/s]Convert D-Nerf to Colmap:   0%|          | 0/50 [00:00<?, ?it/s]
Error processing data/environment1/environment1: list index out of range
Preprocessor finished successfully.

Processing dataset: environment1
Initiating 4D training from data/environment1/environment1/colmap_0 with duration 50
Source Path: /workspace/sim-animate-environment/infinite-simul-realtime-4d-gaussian-vgg/data/environment1/environment1/colmap_0
Model Path: /workspace/sim-animate-environment/infinite-simul-realtime-4d-gaussian-vgg/data/environment1/environment1/colmap_0/log
Config Path: /workspace/sim-animate-environment/infinite-simul-realtime-4d-gaussian-vgg/third_party/infinite_simul_spacetime_gaussian/configs/general.json
/workspace/sim-animate-environment/infinite-simul-realtime-4d-gaussian-vgg/data/environment1/environment1/colmap_0/log does not exist or needs restart, proceeding with training
Optimizing /workspace/sim-animate-environment/infinite-simul-realtime-4d-gaussian-vgg/data/environment1/environment1/colmap_0/log
overload config from /workspace/sim-animate-environment/infinite-simul-realtime-4d-gaussian-vgg/third_party/infinite_simul_spacetime_gaussian/configs/general.json [05/03 14:55:06]
failed set config: test_iteration [05/03 14:55:06]
finish load config from /workspace/sim-animate-environment/infinite-simul-realtime-4d-gaussian-vgg/third_party/infinite_simul_spacetime_gaussian/configs/general.json [05/03 14:55:06]
set current resized gt image as int8 for memory:  0 [05/03 14:55:06]
render option train_ours_full [05/03 14:55:06]
use model ours_full [05/03 14:55:06]
Args /workspace/sim-animate-environment/infinite-simul-realtime-4d-gaussian-vgg/data/environment1/environment1/colmap_0 images False 50 [05/03 14:55:06]
Loader colmap [05/03 14:55:06]
Traceback (most recent call last):
  File "/workspace/sim-animate-environment/infinite-simul-realtime-4d-gaussian-vgg/third_party/infinite_simul_spacetime_gaussian/./thirdparty/gaussian_splatting/scene/dataset_readers.py", line 770, in readColmapSceneInfo
    cam_extrinsics = read_extrinsics_binary(cameras_extrinsic_file)
                     ^^^^^^^^^^^^^^^^^^^^^^^^^^^^^^^^^^^^^^^^^^^^^^
  File "/workspace/sim-animate-environment/infinite-simul-realtime-4d-gaussian-vgg/third_party/infinite_simul_spacetime_gaussian/./thirdparty/gaussian_splatting/scene/colmap_loader.py", line 175, in read_extrinsics_binary
    with open(path_to_model_file, "rb") as fid:
         ^^^^^^^^^^^^^^^^^^^^^^^^^^^^^^
FileNotFoundError: [Errno 2] No such file or directory: '/workspace/sim-animate-environment/infinite-simul-realtime-4d-gaussian-vgg/data/environment1/environment1/colmap_0/sparse/0/images.bin'

During handling of the above exception, another exception occurred:

Traceback (most recent call last):
  File "/workspace/sim-animate-environment/infinite-simul-realtime-4d-gaussian-vgg/third_party/infinite_simul_spacetime_gaussian/train.py", line 404, in <module>
    train(lp_extract, op_extract, pp_extract, args.save_iterations, args.debug_from, densify=args.densify, duration=args.duration, rgbfunction=args.rgbfunction, rdpip=args.rdpip)
  File "/workspace/sim-animate-environment/infinite-simul-realtime-4d-gaussian-vgg/third_party/infinite_simul_spacetime_gaussian/train.py", line 69, in train
    scene = Scene(dataset, gaussians, duration=duration, loader=dataset.loader)
            ^^^^^^^^^^^^^^^^^^^^^^^^^^^^^^^^^^^^^^^^^^^^^^^^^^^^^^^^^^^^^^^^^^^
  File "/workspace/sim-animate-environment/infinite-simul-realtime-4d-gaussian-vgg/third_party/infinite_simul_spacetime_gaussian/thirdparty/gaussian_splatting/scene/__init__.py", line 52, in __init__
    scene_info = sceneLoadTypeCallbacks["Colmap"](args.source_path, args.images, args.eval, multiview, duration=duration)
                 ^^^^^^^^^^^^^^^^^^^^^^^^^^^^^^^^^^^^^^^^^^^^^^^^^^^^^^^^^^^^^^^^^^^^^^^^^^^^^^^^^^^^^^^^^^^^^^^^^^^^^^^^
  File "/workspace/sim-animate-environment/infinite-simul-realtime-4d-gaussian-vgg/third_party/infinite_simul_spacetime_gaussian/./thirdparty/gaussian_splatting/scene/dataset_readers.py", line 775, in readColmapSceneInfo
    cam_extrinsics = read_extrinsics_text(cameras_extrinsic_file)
                     ^^^^^^^^^^^^^^^^^^^^^^^^^^^^^^^^^^^^^^^^^^^^
  File "/workspace/sim-animate-environment/infinite-simul-realtime-4d-gaussian-vgg/third_party/infinite_simul_spacetime_gaussian/./thirdparty/gaussian_splatting/scene/colmap_loader.py", line 237, in read_extrinsics_text
    with open(path, "r") as fid:
         ^^^^^^^^^^^^^^^
FileNotFoundError: [Errno 2] No such file or directory: '/workspace/sim-animate-environment/infinite-simul-realtime-4d-gaussian-vgg/data/environment1/environment1/colmap_0/sparse/0/images.txt'
Error processing data/environment1/environment1/colmap_0: Command 'cd /workspace/sim-animate-environment/infinite-simul-realtime-4d-gaussian-vgg/third_party/infinite_simul_spacetime_gaussian && python3 train.py --model_path /workspace/sim-animate-environment/infinite-simul-realtime-4d-gaussian-vgg/data/environment1/environment1/colmap_0/log --source_path /workspace/sim-animate-environment/infinite-simul-realtime-4d-gaussian-vgg/data/environment1/environment1/colmap_0 --config /workspace/sim-animate-environment/infinite-simul-realtime-4d-gaussian-vgg/third_party/infinite_simul_spacetime_gaussian/configs/general.json --duration 50' returned non-zero exit status 1.
Orchestration complete!
